
> codecov-example-node@0.0.1 test /home/travis/build/totvs/ttalk-standard-message
> mocha -R min validator/test

[2J[1;3H
  34426 passing (23m)
  10 failing

  1) OpenAPI - AuditTopic_v1_000.json  - Schemas:  should be dereferenced. This means all external references are correct (FilePaths and Object property names):
     AssertionError: Error: Error downloading https://raw.githubusercontent.com/totvs/ttalk-standard-message/master/jsonschema/apis/types/totvsApiTypesBase.json 
connect ETIMEDOUT 151.101.0.133:443: expected false to be truthy
      at Context.<anonymous> (validator/test/testOpenAPI.js:215:60)
      at processImmediate (internal/timers.js:458:21)

  2) OpenAPI - AvailableOfferedActivities_v1_000.json  - Schemas:  should be dereferenced. This means all external references are correct (FilePaths and Object property names):
     AssertionError: Error: Error downloading https://raw.githubusercontent.com/totvs/ttalk-standard-message/master/jsonschema/schemas/AvailableOfferedActivities_1_000.json 
connect ETIMEDOUT 151.101.0.133:443: expected false to be truthy
      at Context.<anonymous> (validator/test/testOpenAPI.js:215:60)
      at processImmediate (internal/timers.js:458:21)

  3) OpenAPI - CottonColorGrades_v1_000.json  - Schemas:  should be dereferenced. This means all external references are correct (FilePaths and Object property names):
     AssertionError: Error: Error downloading https://raw.githubusercontent.com/totvs/ttalk-standard-message/master/jsonschema/schemas/types/ListOfInternalId_1_000.json 
connect ETIMEDOUT 151.101.0.133:443: expected false to be truthy
      at Context.<anonymous> (validator/test/testOpenAPI.js:215:60)
      at processImmediate (internal/timers.js:458:21)

  4) OpenAPI - Country_v1_000.json  - Schemas:  should be dereferenced. This means all external references are correct (FilePaths and Object property names):
     AssertionError: Error: Error downloading https://raw.githubusercontent.com/totvs/ttalk-standard-message/master/jsonschema/schemas/types/ListOfInternalId_1_000.json 
connect ETIMEDOUT 151.101.0.133:443: expected false to be truthy
      at Context.<anonymous> (validator/test/testOpenAPI.js:215:60)
      at processImmediate (internal/timers.js:458:21)

  5) OpenAPI - FreightDocuments_v1_000.json  - Schemas:  should be dereferenced. This means all external references are correct (FilePaths and Object property names):
     AssertionError: Error: Error downloading https://raw.githubusercontent.com/totvs/ttalk-standard-message/master/jsonschema/schemas/types/ListOfInternalId_1_000.json 
connect ETIMEDOUT 151.101.0.133:443: expected false to be truthy
      at Context.<anonymous> (validator/test/testOpenAPI.js:215:60)
      at processImmediate (internal/timers.js:458:21)

  6) OpenAPI - Marks_v1_000.json  - Schemas:  should be dereferenced. This means all external references are correct (FilePaths and Object property names):
     AssertionError: Error: Error downloading https://raw.githubusercontent.com/totvs/ttalk-standard-message/master/jsonschema/schemas/Marks_1_000.json 
connect ETIMEDOUT 151.101.0.133:443: expected false to be truthy
      at Context.<anonymous> (validator/test/testOpenAPI.js:215:60)
      at processImmediate (internal/timers.js:458:21)

  7) OpenAPI - ProjectMobileCollectorUsers_v1_000.json  - Schemas:  should be dereferenced. This means all external references are correct (FilePaths and Object property names):
     AssertionError: Error: Error downloading https://raw.githubusercontent.com/totvs/ttalk-standard-message/master/jsonschema/schemas/ProjectMobileCollectorUsers_1_000.json 
connect ETIMEDOUT 151.101.0.133:443: expected false to be truthy
      at Context.<anonymous> (validator/test/testOpenAPI.js:215:60)
      at processImmediate (internal/timers.js:458:21)

  8) OpenAPI - Requesters_v1_000.json  - Schemas:  should be dereferenced. This means all external references are correct (FilePaths and Object property names):
     AssertionError: Error: Error downloading https://raw.githubusercontent.com/totvs/ttalk-standard-message/master/jsonschema/apis/types/totvsApiTypesBase.json 
connect ETIMEDOUT 151.101.0.133:443: expected false to be truthy
      at Context.<anonymous> (validator/test/testOpenAPI.js:215:60)
      at processImmediate (internal/timers.js:458:21)

  9) OpenAPI - SecondCopyReason_v1_000.json  - Schemas:  should be dereferenced. This means all external references are correct (FilePaths and Object property names):
     AssertionError: Error: Error downloading https://raw.githubusercontent.com/totvs/ttalk-standard-message/master/jsonschema/schemas/SecondCopyReason_1_000.json 
connect ETIMEDOUT 151.101.0.133:443: expected false to be truthy
      at Context.<anonymous> (validator/test/testOpenAPI.js:215:60)
      at processImmediate (internal/timers.js:458:21)

  10) OpenAPI - Warehouse_v1_002.json  - Schemas:  should be dereferenced. This means all external references are correct (FilePaths and Object property names):
     AssertionError: Error: Error downloading https://raw.githubusercontent.com/totvs/ttalk-standard-message/master/jsonschema/apis/types/totvsApiTypesBase.json 
connect ETIMEDOUT 151.101.0.133:443: expected false to be truthy
      at Context.<anonymous> (validator/test/testOpenAPI.js:215:60)
      at processImmediate (internal/timers.js:458:21)



npm ERR! Test failed.  See above for more details.
